[0m12:13:05.307372 [debug] [MainThread]: Sending event: {'category': 'dbt', 'action': 'invocation', 'label': 'start', 'context': [<snowplow_tracker.self_describing_json.SelfDescribingJson object at 0x7f93f061aa30>, <snowplow_tracker.self_describing_json.SelfDescribingJson object at 0x7f93ee56fdc0>, <snowplow_tracker.self_describing_json.SelfDescribingJson object at 0x7f93ee56fe20>]}


============================== 12:13:05.310199 | 8a65bac8-bad5-4ec1-b034-6c8a82449b38 ==============================
[0m12:13:05.310199 [info ] [MainThread]: Running with dbt=1.6.6
[0m12:13:05.310863 [debug] [MainThread]: running dbt with arguments {'printer_width': '80', 'indirect_selection': 'eager', 'write_json': 'True', 'log_cache_events': 'False', 'partial_parse': 'True', 'cache_selected_only': 'False', 'profiles_dir': '/home/user/.dbt', 'version_check': 'True', 'debug': 'False', 'log_path': 'logs', 'fail_fast': 'False', 'warn_error': 'None', 'use_colors': 'True', 'use_experimental_parser': 'False', 'no_print': 'None', 'quiet': 'False', 'warn_error_options': 'WarnErrorOptions(include=[], exclude=[])', 'invocation_command': 'dbt init', 'log_format': 'default', 'introspect': 'True', 'target_path': 'None', 'static_parser': 'True', 'send_anonymous_usage_stats': 'True'}
[0m12:13:05.311365 [warn ] [MainThread]: [ConfigFolderDirectory]: Unable to parse dict {'dir': PosixPath('/home/user/.dbt')}
[0m12:13:05.311824 [info ] [MainThread]: Creating dbt configuration folder at 
[0m12:13:13.830094 [debug] [MainThread]: Starter project path: /home/user/Downloads/dbt_pro/dbt-env/lib/python3.8/site-packages/dbt/include/starter_project
[0m12:13:13.836498 [info ] [MainThread]: 
Your new dbt project "denil" was created!

For more information on how to configure the profiles.yml file,
please consult the dbt documentation here:

  https://docs.getdbt.com/docs/configure-your-profile

One more thing:

Need help? Don't hesitate to reach out to us via GitHub issues or on Slack:

  https://community.getdbt.com/

Happy modeling!

[0m12:13:13.837427 [info ] [MainThread]: Setting up your profile.
[0m12:13:28.747597 [error] [MainThread]: Encountered an error:
list index out of range
[0m12:13:28.751735 [error] [MainThread]: Traceback (most recent call last):
  File "/home/user/Downloads/dbt_pro/dbt-env/lib/python3.8/site-packages/dbt/cli/requires.py", line 87, in wrapper
    result, success = func(*args, **kwargs)
  File "/home/user/Downloads/dbt_pro/dbt-env/lib/python3.8/site-packages/dbt/cli/requires.py", line 72, in wrapper
    return func(*args, **kwargs)
  File "/home/user/Downloads/dbt_pro/dbt-env/lib/python3.8/site-packages/dbt/cli/main.py", line 484, in init
    results = task.run()
  File "/home/user/Downloads/dbt_pro/dbt-env/lib/python3.8/site-packages/dbt/task/init.py", line 307, in run
    adapter = self.ask_for_adapter_choice()
  File "/home/user/Downloads/dbt_pro/dbt-env/lib/python3.8/site-packages/dbt/task/init.py", line 234, in ask_for_adapter_choice
    return available_adapters[numeric_choice - 1]
IndexError: list index out of range

[0m12:13:28.755311 [debug] [MainThread]: Command `dbt init` failed at 12:13:28.754501 after 23.46 seconds
[0m12:13:28.757497 [debug] [MainThread]: Sending event: {'category': 'dbt', 'action': 'invocation', 'label': 'end', 'context': [<snowplow_tracker.self_describing_json.SelfDescribingJson object at 0x7f93f061aa30>, <snowplow_tracker.self_describing_json.SelfDescribingJson object at 0x7f93ee56fee0>, <snowplow_tracker.self_describing_json.SelfDescribingJson object at 0x7f93ee56fe50>]}
[0m12:13:28.759681 [debug] [MainThread]: Flushing usage events
[0m12:13:36.628341 [debug] [MainThread]: Sending event: {'category': 'dbt', 'action': 'invocation', 'label': 'start', 'context': [<snowplow_tracker.self_describing_json.SelfDescribingJson object at 0x7fc2a8af5fa0>, <snowplow_tracker.self_describing_json.SelfDescribingJson object at 0x7fc2a6a60d00>, <snowplow_tracker.self_describing_json.SelfDescribingJson object at 0x7fc2a6a60dc0>]}


============================== 12:13:36.630959 | 7b3e8c7a-7888-4411-8540-2fbefdfe2a46 ==============================
[0m12:13:36.630959 [info ] [MainThread]: Running with dbt=1.6.6
[0m12:13:36.631580 [debug] [MainThread]: running dbt with arguments {'printer_width': '80', 'indirect_selection': 'eager', 'write_json': 'True', 'log_cache_events': 'False', 'partial_parse': 'True', 'cache_selected_only': 'False', 'warn_error': 'None', 'fail_fast': 'False', 'version_check': 'True', 'log_path': 'logs', 'debug': 'False', 'profiles_dir': '/home/user/.dbt', 'use_colors': 'True', 'use_experimental_parser': 'False', 'no_print': 'None', 'quiet': 'False', 'log_format': 'default', 'invocation_command': 'dbt init', 'warn_error_options': 'WarnErrorOptions(include=[], exclude=[])', 'introspect': 'True', 'target_path': 'None', 'static_parser': 'True', 'send_anonymous_usage_stats': 'True'}
[0m12:13:40.622822 [info ] [MainThread]: A project called denil already exists here.
[0m12:13:40.626193 [debug] [MainThread]: Command `dbt init` succeeded at 12:13:40.625648 after 4.01 seconds
[0m12:13:40.627612 [debug] [MainThread]: Sending event: {'category': 'dbt', 'action': 'invocation', 'label': 'end', 'context': [<snowplow_tracker.self_describing_json.SelfDescribingJson object at 0x7fc2a8af5fa0>, <snowplow_tracker.self_describing_json.SelfDescribingJson object at 0x7fc2a69f2520>, <snowplow_tracker.self_describing_json.SelfDescribingJson object at 0x7fc2a69f2790>]}
[0m12:13:40.628309 [debug] [MainThread]: Flushing usage events
[0m12:25:49.943568 [debug] [MainThread]: Sending event: {'category': 'dbt', 'action': 'invocation', 'label': 'start', 'context': [<snowplow_tracker.self_describing_json.SelfDescribingJson object at 0x7fb4faca8a30>, <snowplow_tracker.self_describing_json.SelfDescribingJson object at 0x7fb4f8bfdd90>, <snowplow_tracker.self_describing_json.SelfDescribingJson object at 0x7fb4f8bfde50>]}


============================== 12:25:49.946181 | 1b010545-345e-46f1-8f96-bff56323ce0e ==============================
[0m12:25:49.946181 [info ] [MainThread]: Running with dbt=1.6.6
[0m12:25:49.946862 [debug] [MainThread]: running dbt with arguments {'printer_width': '80', 'indirect_selection': 'eager', 'write_json': 'True', 'log_cache_events': 'False', 'partial_parse': 'True', 'cache_selected_only': 'False', 'profiles_dir': '/home/user/.dbt', 'version_check': 'True', 'fail_fast': 'False', 'log_path': 'logs', 'warn_error': 'None', 'debug': 'False', 'use_colors': 'True', 'use_experimental_parser': 'False', 'no_print': 'None', 'quiet': 'False', 'warn_error_options': 'WarnErrorOptions(include=[], exclude=[])', 'invocation_command': 'dbt debug', 'introspect': 'True', 'static_parser': 'True', 'target_path': 'None', 'log_format': 'default', 'send_anonymous_usage_stats': 'True'}
[0m12:25:49.947427 [info ] [MainThread]: dbt version: 1.6.6
[0m12:25:49.947867 [info ] [MainThread]: python version: 3.8.10
[0m12:25:49.948289 [info ] [MainThread]: python path: /home/user/Downloads/dbt_pro/dbt-env/bin/python3
[0m12:25:49.948706 [info ] [MainThread]: os info: Linux-5.15.0-46-generic-x86_64-with-glibc2.29
[0m12:25:49.949145 [info ] [MainThread]: Using profiles dir at /home/user/.dbt
[0m12:25:49.949628 [info ] [MainThread]: Using profiles.yml file at /home/user/.dbt/profiles.yml
[0m12:25:49.950042 [info ] [MainThread]: Using dbt_project.yml file at /home/user/Downloads/dbt_pro/dbt_project.yml
[0m12:25:49.950468 [info ] [MainThread]: Configuration:
[0m12:25:49.951027 [info ] [MainThread]:   profiles.yml file [[31mERROR not found[0m]
[0m12:25:49.951488 [info ] [MainThread]:   dbt_project.yml file [[31mERROR not found[0m]
[0m12:25:49.951973 [info ] [MainThread]: Required dependencies:
[0m12:25:49.952485 [debug] [MainThread]: Executing "git --help"
[0m12:25:49.958545 [debug] [MainThread]: STDOUT: "b"usage: git [--version] [--help] [-C <path>] [-c <name>=<value>]\n           [--exec-path[=<path>]] [--html-path] [--man-path] [--info-path]\n           [-p | --paginate | -P | --no-pager] [--no-replace-objects] [--bare]\n           [--git-dir=<path>] [--work-tree=<path>] [--namespace=<name>]\n           <command> [<args>]\n\nThese are common Git commands used in various situations:\n\nstart a working area (see also: git help tutorial)\n   clone             Clone a repository into a new directory\n   init              Create an empty Git repository or reinitialize an existing one\n\nwork on the current change (see also: git help everyday)\n   add               Add file contents to the index\n   mv                Move or rename a file, a directory, or a symlink\n   restore           Restore working tree files\n   rm                Remove files from the working tree and from the index\n   sparse-checkout   Initialize and modify the sparse-checkout\n\nexamine the history and state (see also: git help revisions)\n   bisect            Use binary search to find the commit that introduced a bug\n   diff              Show changes between commits, commit and working tree, etc\n   grep              Print lines matching a pattern\n   log               Show commit logs\n   show              Show various types of objects\n   status            Show the working tree status\n\ngrow, mark and tweak your common history\n   branch            List, create, or delete branches\n   commit            Record changes to the repository\n   merge             Join two or more development histories together\n   rebase            Reapply commits on top of another base tip\n   reset             Reset current HEAD to the specified state\n   switch            Switch branches\n   tag               Create, list, delete or verify a tag object signed with GPG\n\ncollaborate (see also: git help workflows)\n   fetch             Download objects and refs from another repository\n   pull              Fetch from and integrate with another repository or a local branch\n   push              Update remote refs along with associated objects\n\n'git help -a' and 'git help -g' list available subcommands and some\nconcept guides. See 'git help <command>' or 'git help <concept>'\nto read about a specific subcommand or concept.\nSee 'git help git' for an overview of the system.\n""
[0m12:25:49.959817 [debug] [MainThread]: STDERR: "b''"
[0m12:25:49.960506 [info ] [MainThread]:  - git [[32mOK found[0m]

[0m12:25:49.960960 [info ] [MainThread]: Connection test skipped since no profile was found
[0m12:25:49.961485 [info ] [MainThread]: [31m2 checks failed:[0m
[0m12:25:49.961889 [info ] [MainThread]: dbt looked for a profiles.yml file in /home/user/.dbt/profiles.yml, but did
not find one. For more information on configuring your profile, consult the
documentation:

https://docs.getdbt.com/docs/configure-your-profile


[0m12:25:49.962299 [info ] [MainThread]: Project loading failed for the following reason:
 project path </home/user/Downloads/dbt_pro/dbt_project.yml> not found

[0m12:25:49.963136 [debug] [MainThread]: Command `dbt debug` failed at 12:25:49.962993 after 0.03 seconds
[0m12:25:49.963719 [debug] [MainThread]: Sending event: {'category': 'dbt', 'action': 'invocation', 'label': 'end', 'context': [<snowplow_tracker.self_describing_json.SelfDescribingJson object at 0x7fb4faca8a30>, <snowplow_tracker.self_describing_json.SelfDescribingJson object at 0x7fb4f8bfde20>, <snowplow_tracker.self_describing_json.SelfDescribingJson object at 0x7fb4f8bfde80>]}
[0m12:25:49.964275 [debug] [MainThread]: Flushing usage events
